<?xml version="1.0" encoding="utf-8"?>
<TestRun id="469134fe-f9b0-4bdb-829a-48f487b35869" name="@0312deMac-mini 2025-05-18 14:06:22" xmlns="http://microsoft.com/schemas/VisualStudio/TeamTest/2010">
  <Times creation="2025-05-18T14:06:22.8190920+08:00" queuing="2025-05-18T14:06:22.8190920+08:00" start="2025-05-18T14:06:22.0710360+08:00" finish="2025-05-18T14:06:22.8261330+08:00" />
  <TestSettings name="default" id="708614f3-f19c-4ece-b6db-53aba5c86dc1">
    <Deployment runDeploymentRoot="_0312deMac-mini_2025-05-18_14_06_22" />
  </TestSettings>
  <Results>
    <UnitTestResult executionId="b96407b4-dd42-4b94-8c71-b2643948ea17" testId="966d90f2-24bb-343b-45b2-cef4e8b4793c" testName="SSZ.UnitTests.Core.Services.DeleteContributorService_DeleteContributor.ReturnsNotFoundGivenCantFindContributor" computerName="0312deMac-mini" duration="00:00:00.0379643" startTime="2025-05-18T14:06:22.5091100+08:00" endTime="2025-05-18T14:06:22.5473510+08:00" testType="13cdc9d9-ddb5-4fa4-a97d-d965ccfc6d4b" outcome="Passed" testListId="8c84fa94-04c1-424b-9868-57a2d4851a1d" relativeResultsDirectory="b96407b4-dd42-4b94-8c71-b2643948ea17" />
    <UnitTestResult executionId="44c5e400-21dd-4ce8-b3d6-74998b9397f3" testId="9e38bd58-29a4-458a-8f91-e7adb52baffb" testName="SSZ.UnitTests.UseCases.Contributors.CreateContributorHandlerHandle.ReturnsSuccessGivenValidName" computerName="0312deMac-mini" duration="00:00:00.0056331" startTime="2025-05-18T14:06:22.5479070+08:00" endTime="2025-05-18T14:06:22.5536170+08:00" testType="13cdc9d9-ddb5-4fa4-a97d-d965ccfc6d4b" outcome="Passed" testListId="8c84fa94-04c1-424b-9868-57a2d4851a1d" relativeResultsDirectory="44c5e400-21dd-4ce8-b3d6-74998b9397f3" />
    <UnitTestResult executionId="aa1b1f55-5e46-4e1d-888e-b88359202650" testId="bbdd9f40-6c02-4727-1f7e-e7ce388a1daa" testName="SSZ.UnitTests.Core.ContributorAggregate.ContributorConstructor.InitializesName" computerName="0312deMac-mini" duration="00:00:00.0986486" startTime="2025-05-18T14:06:22.5538900+08:00" endTime="2025-05-18T14:06:22.6526240+08:00" testType="13cdc9d9-ddb5-4fa4-a97d-d965ccfc6d4b" outcome="Passed" testListId="8c84fa94-04c1-424b-9868-57a2d4851a1d" relativeResultsDirectory="aa1b1f55-5e46-4e1d-888e-b88359202650" />
    <UnitTestResult executionId="3aecf360-0569-47c5-862e-e224a581de99" testId="d8b92052-a11e-ab7e-cb98-94fbda23be07" testName="SSZ.UnitTests.Core.ContributorAggregate.Test1.Test" computerName="0312deMac-mini" duration="00:00:00.0038217" startTime="2025-05-18T14:06:22.4929650+08:00" endTime="2025-05-18T14:06:22.5036860+08:00" testType="13cdc9d9-ddb5-4fa4-a97d-d965ccfc6d4b" outcome="Failed" testListId="8c84fa94-04c1-424b-9868-57a2d4851a1d" relativeResultsDirectory="3aecf360-0569-47c5-862e-e224a581de99">
      <Output>
        <ErrorInfo>
          <Message>Assert.Equal() Failure: Values differ
Expected: 2
Actual:   1</Message>
          <StackTrace>   at SSZ.UnitTests.Core.ContributorAggregate.Test1.Test() in /Users/0312ssz/Documents/dddandevent/tests/SSZ.UnitTests/Core/ContributorAggregate/Test1.cs:line 9
   at System.RuntimeMethodHandle.InvokeMethod(Object target, Void** arguments, Signature sig, Boolean isConstructor)
   at System.Reflection.MethodBaseInvoker.InvokeWithNoArgs(Object obj, BindingFlags invokeAttr)</StackTrace>
        </ErrorInfo>
      </Output>
    </UnitTestResult>
  </Results>
  <TestDefinitions>
    <UnitTest name="SSZ.UnitTests.Core.Services.DeleteContributorService_DeleteContributor.ReturnsNotFoundGivenCantFindContributor" storage="/users/0312ssz/documents/dddandevent/tests/ssz.unittests/bin/debug/net9.0/ssz.unittests.dll" id="966d90f2-24bb-343b-45b2-cef4e8b4793c">
      <Execution id="b96407b4-dd42-4b94-8c71-b2643948ea17" />
      <TestMethod codeBase="/Users/0312ssz/Documents/dddandevent/tests/SSZ.UnitTests/bin/Debug/net9.0/SSZ.UnitTests.dll" adapterTypeName="executor://xunit/VsTestRunner3/netcore/" className="SSZ.UnitTests.Core.Services.DeleteContributorService_DeleteContributor" name="ReturnsNotFoundGivenCantFindContributor" />
    </UnitTest>
    <UnitTest name="SSZ.UnitTests.Core.ContributorAggregate.Test1.Test" storage="/users/0312ssz/documents/dddandevent/tests/ssz.unittests/bin/debug/net9.0/ssz.unittests.dll" id="d8b92052-a11e-ab7e-cb98-94fbda23be07">
      <Execution id="3aecf360-0569-47c5-862e-e224a581de99" />
      <TestMethod codeBase="/Users/0312ssz/Documents/dddandevent/tests/SSZ.UnitTests/bin/Debug/net9.0/SSZ.UnitTests.dll" adapterTypeName="executor://xunit/VsTestRunner3/netcore/" className="SSZ.UnitTests.Core.ContributorAggregate.Test1" name="Test" />
    </UnitTest>
    <UnitTest name="SSZ.UnitTests.Core.ContributorAggregate.ContributorConstructor.InitializesName" storage="/users/0312ssz/documents/dddandevent/tests/ssz.unittests/bin/debug/net9.0/ssz.unittests.dll" id="bbdd9f40-6c02-4727-1f7e-e7ce388a1daa">
      <Execution id="aa1b1f55-5e46-4e1d-888e-b88359202650" />
      <TestMethod codeBase="/Users/0312ssz/Documents/dddandevent/tests/SSZ.UnitTests/bin/Debug/net9.0/SSZ.UnitTests.dll" adapterTypeName="executor://xunit/VsTestRunner3/netcore/" className="SSZ.UnitTests.Core.ContributorAggregate.ContributorConstructor" name="InitializesName" />
    </UnitTest>
    <UnitTest name="SSZ.UnitTests.UseCases.Contributors.CreateContributorHandlerHandle.ReturnsSuccessGivenValidName" storage="/users/0312ssz/documents/dddandevent/tests/ssz.unittests/bin/debug/net9.0/ssz.unittests.dll" id="9e38bd58-29a4-458a-8f91-e7adb52baffb">
      <Execution id="44c5e400-21dd-4ce8-b3d6-74998b9397f3" />
      <TestMethod codeBase="/Users/0312ssz/Documents/dddandevent/tests/SSZ.UnitTests/bin/Debug/net9.0/SSZ.UnitTests.dll" adapterTypeName="executor://xunit/VsTestRunner3/netcore/" className="SSZ.UnitTests.UseCases.Contributors.CreateContributorHandlerHandle" name="ReturnsSuccessGivenValidName" />
    </UnitTest>
  </TestDefinitions>
  <TestEntries>
    <TestEntry testId="966d90f2-24bb-343b-45b2-cef4e8b4793c" executionId="b96407b4-dd42-4b94-8c71-b2643948ea17" testListId="8c84fa94-04c1-424b-9868-57a2d4851a1d" />
    <TestEntry testId="9e38bd58-29a4-458a-8f91-e7adb52baffb" executionId="44c5e400-21dd-4ce8-b3d6-74998b9397f3" testListId="8c84fa94-04c1-424b-9868-57a2d4851a1d" />
    <TestEntry testId="bbdd9f40-6c02-4727-1f7e-e7ce388a1daa" executionId="aa1b1f55-5e46-4e1d-888e-b88359202650" testListId="8c84fa94-04c1-424b-9868-57a2d4851a1d" />
    <TestEntry testId="d8b92052-a11e-ab7e-cb98-94fbda23be07" executionId="3aecf360-0569-47c5-862e-e224a581de99" testListId="8c84fa94-04c1-424b-9868-57a2d4851a1d" />
  </TestEntries>
  <TestLists>
    <TestList name="列表中未列出的结果" id="8c84fa94-04c1-424b-9868-57a2d4851a1d" />
    <TestList name="所有已加载的结果" id="19431567-8539-422a-85d7-44ee4e166bda" />
  </TestLists>
  <ResultSummary outcome="Failed">
    <Counters total="4" executed="4" passed="3" failed="1" error="0" timeout="0" aborted="0" inconclusive="0" passedButRunAborted="0" notRunnable="0" notExecuted="0" disconnected="0" warning="0" completed="0" inProgress="0" pending="0" />
    <Output>
      <StdOut>[xUnit.net 00:00:00.00] xUnit.net VSTest Adapter v3.0.0-pre.49+a7f5dc0cba (64-bit .NET 9.0.0)
[xUnit.net 00:00:00.03]   Discovering: SSZ.UnitTests
[xUnit.net 00:00:00.04]   Discovered:  SSZ.UnitTests
[xUnit.net 00:00:00.05]   Starting:    SSZ.UnitTests
[xUnit.net 00:00:00.07]       Assert.Equal() Failure: Values differ
[xUnit.net 00:00:00.07]       Expected: 2
[xUnit.net 00:00:00.07]       Actual:   1
[xUnit.net 00:00:00.07]       Stack Trace:
[xUnit.net 00:00:00.07]         /Users/0312ssz/Documents/dddandevent/tests/SSZ.UnitTests/Core/ContributorAggregate/Test1.cs(9,0): at SSZ.UnitTests.Core.ContributorAggregate.Test1.Test()
[xUnit.net 00:00:00.07]            at System.RuntimeMethodHandle.InvokeMethod(Object target, Void** arguments, Signature sig, Boolean isConstructor)
[xUnit.net 00:00:00.07]            at System.Reflection.MethodBaseInvoker.InvokeWithNoArgs(Object obj, BindingFlags invokeAttr)
[xUnit.net 00:00:00.22]   Finished:    SSZ.UnitTests
</StdOut>
    </Output>
    <RunInfos>
      <RunInfo computerName="0312deMac-mini" outcome="Error" timestamp="2025-05-18T14:06:22.5049340+08:00">
        <Text>[xUnit.net 00:00:00.07]     SSZ.UnitTests.Core.ContributorAggregate.Test1.Test [FAIL]</Text>
      </RunInfo>
    </RunInfos>
  </ResultSummary>
</TestRun>